<?xml version="1.0" encoding="UTF-8"?>
<testng-results ignored="0" total="1" passed="1" failed="0" skipped="0">
  <reporter-output>
  </reporter-output>
  <suite started-at="2023-07-11T09:28:17 IST" name="Default suite" finished-at="2023-07-11T09:28:32 IST" duration-ms="14885">
    <groups>
    </groups>
    <test started-at="2023-07-11T09:28:17 IST" name="Default test" finished-at="2023-07-11T09:28:32 IST" duration-ms="14885">
      <class name="testCase.TC_01craeteOrganizationusingTypeandIndustry_Test">
        <test-method is-config="true" signature="cofigclass()[pri:0, instance:testCase.TC_01craeteOrganizationusingTypeandIndustry_Test@639c2c1d]" started-at="2023-07-11T09:28:17 IST" name="cofigclass" finished-at="2023-07-11T09:28:17 IST" duration-ms="18" status="PASS">
          <reporter-output>
          </reporter-output>
        </test-method> <!-- cofigclass -->
        <test-method is-config="true" signature="launchBrowser()[pri:0, instance:testCase.TC_01craeteOrganizationusingTypeandIndustry_Test@639c2c1d]" started-at="2023-07-11T09:28:17 IST" name="launchBrowser" finished-at="2023-07-11T09:28:21 IST" duration-ms="3916" status="PASS">
          <reporter-output>
          </reporter-output>
        </test-method> <!-- launchBrowser -->
        <test-method signature="TC_01()[pri:0, instance:testCase.TC_01craeteOrganizationusingTypeandIndustry_Test@639c2c1d]" started-at="2023-07-11T09:28:21 IST" name="TC_01" finished-at="2023-07-11T09:28:31 IST" duration-ms="9572" status="PASS">
          <reporter-output>
          </reporter-output>
        </test-method> <!-- TC_01 -->
        <test-method is-config="true" signature="aftermeth()[pri:0, instance:testCase.TC_01craeteOrganizationusingTypeandIndustry_Test@639c2c1d]" started-at="2023-07-11T09:28:31 IST" name="aftermeth" finished-at="2023-07-11T09:28:32 IST" duration-ms="1117" status="PASS">
          <reporter-output>
          </reporter-output>
        </test-method> <!-- aftermeth -->
      </class> <!-- testCase.TC_01craeteOrganizationusingTypeandIndustry_Test -->
    </test> <!-- Default test -->
  </suite> <!-- Default suite -->
</testng-results>
